Using pre-set license
Built from '2020.3/release' branch; Version is '2020.3.15f2 (6cf78cb77498) revision 7141260'; Using compiler version '192528614'; Build Type 'Release'
OS: 'Windows 10 Enterprise; OS build 19044.1706; Version 2009; 64bit' Language: 'en' Physical Memory: 16263 MB
BatchMode: 1, IsHumanControllingUs: 0, StartBugReporterOnCrash: 0, Is64bit: 1, IsPro: 0

 COMMAND LINE ARGUMENTS:
D:\Unity\__Editors\2020.3.15f2\Editor\Unity.exe
-adb2
-batchMode
-noUpm
-name
AssetImportWorker0
-projectPath
D:/github/GMTK-Gamejam-2021-submission/GameJam
-logFile
Logs/AssetImportWorker0.log
-srvPort
51687
Successfully changed project path to: D:/github/GMTK-Gamejam-2021-submission/GameJam
D:/github/GMTK-Gamejam-2021-submission/GameJam
Using Asset Import Pipeline V2.
Refreshing native plugins compatible for Editor in 33.08 ms, found 3 plugins.
Preloading 0 native plugins for Editor in 0.00 ms.
Initialize engine version: 2020.3.15f2 (6cf78cb77498)
[Subsystems] Discovering subsystems at path D:/Unity/__Editors/2020.3.15f2/Editor/Data/Resources/UnitySubsystems
[Subsystems] Discovering subsystems at path D:/github/GMTK-Gamejam-2021-submission/GameJam/Assets
GfxDevice: creating device client; threaded=0
Direct3D:
    Version:  Direct3D 11.0 [level 11.1]
    Renderer: NVIDIA GeForce GTX 1080 (ID=0x1b80)
    Vendor:   
    VRAM:     8079 MB
    Driver:   30.0.15.1277
Initialize mono
Mono path[0] = 'D:/Unity/__Editors/2020.3.15f2/Editor/Data/Managed'
Mono path[1] = 'D:/Unity/__Editors/2020.3.15f2/Editor/Data/MonoBleedingEdge/lib/mono/unityjit'
Mono config path = 'D:/Unity/__Editors/2020.3.15f2/Editor/Data/MonoBleedingEdge/etc'
Using monoOptions --debugger-agent=transport=dt_socket,embedding=1,server=y,suspend=n,address=127.0.0.1:56344
Begin MonoManager ReloadAssembly
Registering precompiled unity dll's ...
Register platform support module: D:/Unity/__Editors/2020.3.15f2/Editor/Data/PlaybackEngines/WebGLSupport/UnityEditor.WebGL.Extensions.dll
Register platform support module: D:/Unity/__Editors/2020.3.15f2/Editor/Data/PlaybackEngines/WindowsStandaloneSupport/UnityEditor.WindowsStandalone.Extensions.dll
Registered in 0.000946 seconds.
Native extension for WindowsStandalone target not found
Native extension for WebGL target not found
Refreshing native plugins compatible for Editor in 32.95 ms, found 3 plugins.
Preloading 0 native plugins for Editor in 0.00 ms.
Mono: successfully reloaded assembly
- Completed reload, in  1.647 seconds
Domain Reload Profiling:
	ReloadAssembly (1647ms)
		BeginReloadAssembly (42ms)
			ExecutionOrderSort (0ms)
			DisableScriptedObjects (0ms)
			BackupInstance (0ms)
			ReleaseScriptingObjects (0ms)
			CreateAndSetChildDomain (1ms)
		EndReloadAssembly (285ms)
			LoadAssemblies (42ms)
			RebuildTransferFunctionScriptingTraits (0ms)
			SetupTypeCache (92ms)
			ReleaseScriptCaches (0ms)
			RebuildScriptCaches (23ms)
			SetupLoadedEditorAssemblies (123ms)
				LogAssemblyErrors (0ms)
				InitializePlatformSupportModulesInManaged (3ms)
				SetLoadedEditorAssemblies (0ms)
				RefreshPlugins (33ms)
				BeforeProcessingInitializeOnLoad (9ms)
				ProcessInitializeOnLoadAttributes (59ms)
				ProcessInitializeOnLoadMethodAttributes (17ms)
				AfterProcessingInitializeOnLoad (0ms)
				EditorAssembliesLoaded (0ms)
			ExecutionOrderSort2 (0ms)
			AwakeInstancesAfterBackupRestoration (0ms)
Platform modules already initialized, skipping
Registering precompiled user dll's ...
Registered in 0.002451 seconds.
Begin MonoManager ReloadAssembly
Native extension for WindowsStandalone target not found
Native extension for WebGL target not found
Refreshing native plugins compatible for Editor in 32.45 ms, found 3 plugins.
Preloading 0 native plugins for Editor in 0.00 ms.
Mono: successfully reloaded assembly
- Completed reload, in  0.893 seconds
Domain Reload Profiling:
	ReloadAssembly (894ms)
		BeginReloadAssembly (100ms)
			ExecutionOrderSort (0ms)
			DisableScriptedObjects (4ms)
			BackupInstance (0ms)
			ReleaseScriptingObjects (0ms)
			CreateAndSetChildDomain (13ms)
		EndReloadAssembly (757ms)
			LoadAssemblies (70ms)
			RebuildTransferFunctionScriptingTraits (0ms)
			SetupTypeCache (198ms)
			ReleaseScriptCaches (0ms)
			RebuildScriptCaches (40ms)
			SetupLoadedEditorAssemblies (360ms)
				LogAssemblyErrors (0ms)
				InitializePlatformSupportModulesInManaged (3ms)
				SetLoadedEditorAssemblies (0ms)
				RefreshPlugins (33ms)
				BeforeProcessingInitializeOnLoad (67ms)
				ProcessInitializeOnLoadAttributes (246ms)
				ProcessInitializeOnLoadMethodAttributes (9ms)
				AfterProcessingInitializeOnLoad (2ms)
				EditorAssembliesLoaded (0ms)
			ExecutionOrderSort2 (0ms)
			AwakeInstancesAfterBackupRestoration (4ms)
Platform modules already initialized, skipping
========================================================================
Worker process is ready to serve import requests
Launched and connected shader compiler UnityShaderCompiler.exe after 0.04 seconds
Refreshing native plugins compatible for Editor in 0.37 ms, found 3 plugins.
Preloading 0 native plugins for Editor in 0.00 ms.
Unloading 2399 Unused Serialized files (Serialized files now loaded: 0)
System memory in use before: 104.1 MB.
System memory in use after: 104.2 MB.

Unloading 34 unused Assets to reduce memory usage. Loaded Objects now: 2836.
Total: 2.363400 ms (FindLiveObjects: 0.179200 ms CreateObjectMapping: 0.097200 ms MarkObjects: 1.973500 ms  DeleteObjects: 0.112400 ms)

AssetImportParameters requested are different than current active one (requested -> active):
  custom:framework-win-MediaFoundation: 216162199b28c13a410421893ffa2e32 -> 
  custom:video-decoder-ogg-theora: a1e56fd34408186e4bbccfd4996cb3dc -> 
  custom:container-muxer-webm: aa71ff27fc2769a1b78a27578f13a17b -> 
  custom:container-demuxer-webm: 4f35f7cbe854078d1ac9338744f61a02 -> 
  custom:container-demuxer-ogg: 62fdf1f143b41e24485cea50d1cbac27 -> 
  custom:video-encoder-webm-vp8: eb34c28f22e8b96e1ab97ce403110664 -> 
  custom:video-decoder-webm-vp8: 9c59270c3fd7afecdb556c50c9e8de78 -> 
  custom:audio-decoder-ogg-vorbis: bf7c407c2cedff20999df2af8eb42d56 -> 
  custom:audio-encoder-webm-vorbis: bf7c407c2cedff20999df2af8eb42d56 -> 
========================================================================
Received Import Request.
  path: Assets/Scenes/devlog examples.unity
  artifactKey: Guid(8a8cde200d053fd4f8e339d9e3d31a58) Importer(815301076,1909f56bfc062723c751e8b465ee728b)
Start importing Assets/Scenes/devlog examples.unity using Guid(8a8cde200d053fd4f8e339d9e3d31a58) Importer(815301076,1909f56bfc062723c751e8b465ee728b)  -> (artifact id: 'b2e44f6efcb67a5f24a59f913f82fd20') in 0.050820 seconds 
  Import took 0.053411 seconds .

========================================================================
Received Import Request.
  Time since last request: 0.000307 seconds.
  path: Assets/Scenes/detachexamples.unity
  artifactKey: Guid(69d8e5978004a374aa30bc17efa938ec) Importer(815301076,1909f56bfc062723c751e8b465ee728b)
Start importing Assets/Scenes/detachexamples.unity using Guid(69d8e5978004a374aa30bc17efa938ec) Importer(815301076,1909f56bfc062723c751e8b465ee728b)  -> (artifact id: '160965928107c021df73aa738d13a4af') in 0.005033 seconds 
  Import took 0.007633 seconds .

========================================================================
Received Import Request.
  Time since last request: 378.901947 seconds.
  path: Assets/sprites/HolePunchShadow.png
  artifactKey: Guid(d276aa274214a174e985f43683ed12fd) Importer(815301076,1909f56bfc062723c751e8b465ee728b)
Start importing Assets/sprites/HolePunchShadow.png using Guid(d276aa274214a174e985f43683ed12fd) Importer(815301076,1909f56bfc062723c751e8b465ee728b)  -> (artifact id: 'd6b7b1e4a5003cf04bf5213f27e79548') in 0.261787 seconds 
  Import took 0.265812 seconds .

========================================================================
Received Import Request.
  Time since last request: 10.733646 seconds.
  path: Assets/sprites/HolePunchShadow.png
  artifactKey: Guid(d276aa274214a174e985f43683ed12fd) Importer(815301076,1909f56bfc062723c751e8b465ee728b)
Start importing Assets/sprites/HolePunchShadow.png using Guid(d276aa274214a174e985f43683ed12fd) Importer(815301076,1909f56bfc062723c751e8b465ee728b)  -> (artifact id: '4827e08f80492f245093eb8f2c928025') in 0.009416 seconds 
  Import took 0.012916 seconds .

========================================================================
Received Import Request.
  Time since last request: 2.759706 seconds.
  path: Assets/sprites/HolePunch.png
  artifactKey: Guid(492a5b0016644084888186d69aee1f13) Importer(815301076,1909f56bfc062723c751e8b465ee728b)
Start importing Assets/sprites/HolePunch.png using Guid(492a5b0016644084888186d69aee1f13) Importer(815301076,1909f56bfc062723c751e8b465ee728b)  -> (artifact id: 'b7ac200ad1d72f8ec13f014998366b68') in 0.018017 seconds 
  Import took 0.020875 seconds .

========================================================================
Received Import Request.
  Time since last request: 0.008316 seconds.
  path: Assets/sprites/HolePunch.png
  artifactKey: Guid(492a5b0016644084888186d69aee1f13) Importer(815301076,1909f56bfc062723c751e8b465ee728b)
Start importing Assets/sprites/HolePunch.png using Guid(492a5b0016644084888186d69aee1f13) Importer(815301076,1909f56bfc062723c751e8b465ee728b)  -> (artifact id: 'b7ac200ad1d72f8ec13f014998366b68') in 0.012849 seconds 
  Import took 0.015623 seconds .

========================================================================
Received Import Request.
  Time since last request: 4.688962 seconds.
  path: Assets/sprites/HolePunchShadow.png
  artifactKey: Guid(d276aa274214a174e985f43683ed12fd) Importer(815301076,1909f56bfc062723c751e8b465ee728b)
Start importing Assets/sprites/HolePunchShadow.png using Guid(d276aa274214a174e985f43683ed12fd) Importer(815301076,1909f56bfc062723c751e8b465ee728b)  -> (artifact id: '82c2129a747a8d766838bb0c05eb83cc') in 0.009437 seconds 
  Import took 0.012268 seconds .

========================================================================
Received Import Request.
  Time since last request: 0.015725 seconds.
  path: Assets/sprites/HolePunchShadow.png
  artifactKey: Guid(d276aa274214a174e985f43683ed12fd) Importer(815301076,1909f56bfc062723c751e8b465ee728b)
Start importing Assets/sprites/HolePunchShadow.png using Guid(d276aa274214a174e985f43683ed12fd) Importer(815301076,1909f56bfc062723c751e8b465ee728b)  -> (artifact id: '82c2129a747a8d766838bb0c05eb83cc') in 0.008327 seconds 
  Import took 0.011098 seconds .

========================================================================
Received Import Request.
  Time since last request: 8.233983 seconds.
  path: Assets/sprites/HolePunchShadow.png
  artifactKey: Guid(d276aa274214a174e985f43683ed12fd) Importer(815301076,1909f56bfc062723c751e8b465ee728b)
Start importing Assets/sprites/HolePunchShadow.png using Guid(d276aa274214a174e985f43683ed12fd) Importer(815301076,1909f56bfc062723c751e8b465ee728b)  -> (artifact id: '7b380996a4add13496f6cc3b3cc8c2b6') in 0.008108 seconds 
  Import took 0.011097 seconds .

========================================================================
Received Import Request.
  Time since last request: 0.021715 seconds.
  path: Assets/sprites/HolePunchShadow.png
  artifactKey: Guid(d276aa274214a174e985f43683ed12fd) Importer(815301076,1909f56bfc062723c751e8b465ee728b)
Start importing Assets/sprites/HolePunchShadow.png using Guid(d276aa274214a174e985f43683ed12fd) Importer(815301076,1909f56bfc062723c751e8b465ee728b)  -> (artifact id: '7b380996a4add13496f6cc3b3cc8c2b6') in 0.006836 seconds 
  Import took 0.009579 seconds .

========================================================================
Received Import Request.
  Time since last request: 5.296231 seconds.
  path: Assets/sprites/HolePunch.png
  artifactKey: Guid(492a5b0016644084888186d69aee1f13) Importer(815301076,1909f56bfc062723c751e8b465ee728b)
Start importing Assets/sprites/HolePunch.png using Guid(492a5b0016644084888186d69aee1f13) Importer(815301076,1909f56bfc062723c751e8b465ee728b)  -> (artifact id: '111d1e2e62fc361ce94e4a2a777386a5') in 0.012713 seconds 
  Import took 0.015883 seconds .

========================================================================
Received Import Request.
  Time since last request: 0.012532 seconds.
  path: Assets/sprites/HolePunch.png
  artifactKey: Guid(492a5b0016644084888186d69aee1f13) Importer(815301076,1909f56bfc062723c751e8b465ee728b)
Start importing Assets/sprites/HolePunch.png using Guid(492a5b0016644084888186d69aee1f13) Importer(815301076,1909f56bfc062723c751e8b465ee728b)  -> (artifact id: '111d1e2e62fc361ce94e4a2a777386a5') in 0.011347 seconds 
  Import took 0.014193 seconds .

========================================================================
Received Import Request.
  Time since last request: 383.126075 seconds.
  path: Assets/Scenes/Tutorial1Scene.unity
  artifactKey: Guid(2cda990e2423bbf4892e6590ba056729) Importer(815301076,1909f56bfc062723c751e8b465ee728b)
Start importing Assets/Scenes/Tutorial1Scene.unity using Guid(2cda990e2423bbf4892e6590ba056729) Importer(815301076,1909f56bfc062723c751e8b465ee728b)  -> (artifact id: 'df8851db806e43b3fb6864afe2c64fc2') in 0.005882 seconds 
  Import took 0.009796 seconds .

========================================================================
Received Import Request.
  Time since last request: 1.814832 seconds.
  path: Assets/Scenes/Tutorial2Scene.unity
  artifactKey: Guid(a18b5add86f228d44b1e0f5cbdbdaf0e) Importer(815301076,1909f56bfc062723c751e8b465ee728b)
Start importing Assets/Scenes/Tutorial2Scene.unity using Guid(a18b5add86f228d44b1e0f5cbdbdaf0e) Importer(815301076,1909f56bfc062723c751e8b465ee728b)  -> (artifact id: '93993a4de24373b953164001a503aa22') in 0.005158 seconds 
  Import took 0.007912 seconds .

========================================================================
Received Import Request.
  Time since last request: 7.569086 seconds.
  path: Assets/Scenes/Puzzle1Scene.unity
  artifactKey: Guid(12b9d2f6277894a48946e02ecbb0a349) Importer(815301076,1909f56bfc062723c751e8b465ee728b)
Start importing Assets/Scenes/Puzzle1Scene.unity using Guid(12b9d2f6277894a48946e02ecbb0a349) Importer(815301076,1909f56bfc062723c751e8b465ee728b)  -> (artifact id: 'ed48dc3ce6515873ffaa1f8fd5511105') in 0.005303 seconds 
  Import took 0.012959 seconds .

========================================================================
Received Import Request.
  Time since last request: 28.621945 seconds.
  path: Assets/Scenes/Puzzle1Scene.unity
  artifactKey: Guid(12b9d2f6277894a48946e02ecbb0a349) Importer(815301076,1909f56bfc062723c751e8b465ee728b)
Start importing Assets/Scenes/Puzzle1Scene.unity using Guid(12b9d2f6277894a48946e02ecbb0a349) Importer(815301076,1909f56bfc062723c751e8b465ee728b)  -> (artifact id: 'c25632476d2131d9d6f226aecc4d86b9') in 0.002301 seconds 
  Import took 0.005192 seconds .

========================================================================
Received Import Request.
  Time since last request: 163.682721 seconds.
  path: Assets/sprites/NoJumpTutorial.png
  artifactKey: Guid(687cc1798c59d8549aba35d722dedd4b) Importer(815301076,1909f56bfc062723c751e8b465ee728b)
Start importing Assets/sprites/NoJumpTutorial.png using Guid(687cc1798c59d8549aba35d722dedd4b) Importer(815301076,1909f56bfc062723c751e8b465ee728b)  -> (artifact id: '3e7baa4723eb38d8f7385b0985eeb69c') in 0.013493 seconds 
  Import took 0.016542 seconds .

========================================================================
Received Import Request.
  Time since last request: 103.963696 seconds.
  path: Assets/sprites/NoJumpTutorial.png
  artifactKey: Guid(687cc1798c59d8549aba35d722dedd4b) Importer(815301076,1909f56bfc062723c751e8b465ee728b)
Start importing Assets/sprites/NoJumpTutorial.png using Guid(687cc1798c59d8549aba35d722dedd4b) Importer(815301076,1909f56bfc062723c751e8b465ee728b)  -> (artifact id: 'a1df310cded68f83a3ce198f7f6d2180') in 0.015761 seconds 
  Import took 0.019393 seconds .

========================================================================
Received Import Request.
  Time since last request: 0.008456 seconds.
  path: Assets/sprites/NoJumpTutorial.png
  artifactKey: Guid(687cc1798c59d8549aba35d722dedd4b) Importer(815301076,1909f56bfc062723c751e8b465ee728b)
Start importing Assets/sprites/NoJumpTutorial.png using Guid(687cc1798c59d8549aba35d722dedd4b) Importer(815301076,1909f56bfc062723c751e8b465ee728b)  -> (artifact id: 'a1df310cded68f83a3ce198f7f6d2180') in 0.010945 seconds 
  Import took 0.013737 seconds .

========================================================================
Received Import Request.
  Time since last request: 41.276187 seconds.
  path: Assets/sprites/DeathTutorial.png
  artifactKey: Guid(741492073bc4ff345aca748860eb049a) Importer(815301076,1909f56bfc062723c751e8b465ee728b)
Start importing Assets/sprites/DeathTutorial.png using Guid(741492073bc4ff345aca748860eb049a) Importer(815301076,1909f56bfc062723c751e8b465ee728b)  -> (artifact id: '8532fdc8a85d1cab9aa7e0ce5d5350b2') in 0.010703 seconds 
  Import took 0.013801 seconds .

========================================================================
Received Import Request.
  Time since last request: 0.021335 seconds.
  path: Assets/sprites/JumpTutorial.png
  artifactKey: Guid(bdd9014256d2bcd47871657b656254e8) Importer(815301076,1909f56bfc062723c751e8b465ee728b)
Start importing Assets/sprites/JumpTutorial.png using Guid(bdd9014256d2bcd47871657b656254e8) Importer(815301076,1909f56bfc062723c751e8b465ee728b)  -> (artifact id: '7b94f94c8972a0418fe352bc61338e9c') in 0.011652 seconds 
  Import took 0.015082 seconds .

========================================================================
Received Import Request.
  Time since last request: 0.000210 seconds.
  path: Assets/sprites/RestTutorial.png
  artifactKey: Guid(487bcbb98267aee4ca37c823e27baadc) Importer(815301076,1909f56bfc062723c751e8b465ee728b)
Start importing Assets/sprites/RestTutorial.png using Guid(487bcbb98267aee4ca37c823e27baadc) Importer(815301076,1909f56bfc062723c751e8b465ee728b)  -> (artifact id: '06a11250b6c20e64183ea4b492a14249') in 0.010814 seconds 
  Import took 0.013753 seconds .

========================================================================
Received Import Request.
  Time since last request: 0.000220 seconds.
  path: Assets/sprites/Killroy.png
  artifactKey: Guid(eb38bbc238980584394762f6e2475948) Importer(815301076,1909f56bfc062723c751e8b465ee728b)
Start importing Assets/sprites/Killroy.png using Guid(eb38bbc238980584394762f6e2475948) Importer(815301076,1909f56bfc062723c751e8b465ee728b)  -> (artifact id: '4a3c920e0ca22d77edfa8f5a9a9b776c') in 0.011766 seconds 
  Import took 0.014584 seconds .

========================================================================
Received Import Request.
  Time since last request: 0.000200 seconds.
  path: Assets/sprites/LeftLegScribbled.png
  artifactKey: Guid(bf2876ee1991a544ba08bc70a4549434) Importer(815301076,1909f56bfc062723c751e8b465ee728b)
Start importing Assets/sprites/LeftLegScribbled.png using Guid(bf2876ee1991a544ba08bc70a4549434) Importer(815301076,1909f56bfc062723c751e8b465ee728b)  -> (artifact id: '36392cac2958145a53dfb565a7185679') in 0.010793 seconds 
  Import took 0.013617 seconds .

========================================================================
Received Import Request.
  Time since last request: 0.000236 seconds.
  path: Assets/sprites/LegAttachTutorial.png
  artifactKey: Guid(cbc257d4841b01e41b31ea0fdd9ce0d9) Importer(815301076,1909f56bfc062723c751e8b465ee728b)
Start importing Assets/sprites/LegAttachTutorial.png using Guid(cbc257d4841b01e41b31ea0fdd9ce0d9) Importer(815301076,1909f56bfc062723c751e8b465ee728b)  -> (artifact id: '51f5e276515b7747ddcc01480d8ef8dd') in 0.011538 seconds 
  Import took 0.014597 seconds .

========================================================================
Received Import Request.
  Time since last request: 0.000269 seconds.
  path: Assets/sprites/WelcomeScreen.png
  artifactKey: Guid(3fa5b5b971a101640990207563393cfb) Importer(815301076,1909f56bfc062723c751e8b465ee728b)
Start importing Assets/sprites/WelcomeScreen.png using Guid(3fa5b5b971a101640990207563393cfb) Importer(815301076,1909f56bfc062723c751e8b465ee728b)  -> (artifact id: '43b448528d3c7bfcafbee02a9c8f44b9') in 0.013121 seconds 
  Import took 0.035087 seconds .

========================================================================
Received Import Request.
  Time since last request: 0.000204 seconds.
  path: Assets/sprites/RightLegScribbled.png
  artifactKey: Guid(14f78ddf63fda3f418da30928ffe097d) Importer(815301076,1909f56bfc062723c751e8b465ee728b)
Start importing Assets/sprites/RightLegScribbled.png using Guid(14f78ddf63fda3f418da30928ffe097d) Importer(815301076,1909f56bfc062723c751e8b465ee728b)  -> (artifact id: '76c53d93feeebe8ec19f3d681e7f3c63') in 0.013136 seconds 
  Import took 0.015809 seconds .

========================================================================
Received Import Request.
  Time since last request: 0.000224 seconds.
  path: Assets/sprites/WalkTutorial.png
  artifactKey: Guid(234db7262c6e6e5498d916a10d5f42f9) Importer(815301076,1909f56bfc062723c751e8b465ee728b)
Start importing Assets/sprites/WalkTutorial.png using Guid(234db7262c6e6e5498d916a10d5f42f9) Importer(815301076,1909f56bfc062723c751e8b465ee728b)  -> (artifact id: 'cf23dfee3aae1afe968fff3b8970c3ce') in 0.011576 seconds 
  Import took 0.014232 seconds .

========================================================================
Received Import Request.
  Time since last request: 0.000182 seconds.
  path: Assets/sprites/VictoryTutorial.png
  artifactKey: Guid(b53f78ada6e04524a8748fc57cef21ff) Importer(815301076,1909f56bfc062723c751e8b465ee728b)
Start importing Assets/sprites/VictoryTutorial.png using Guid(b53f78ada6e04524a8748fc57cef21ff) Importer(815301076,1909f56bfc062723c751e8b465ee728b)  -> (artifact id: '2ed4804dd296db0d7780603da901aafe') in 0.010509 seconds 
  Import took 0.013162 seconds .

========================================================================
Received Import Request.
  Time since last request: 0.000189 seconds.
  path: Assets/sprites/LegPopOffTutorial.png
  artifactKey: Guid(65a7f5c323f729f49ac2ed007cc808d6) Importer(815301076,1909f56bfc062723c751e8b465ee728b)
Start importing Assets/sprites/LegPopOffTutorial.png using Guid(65a7f5c323f729f49ac2ed007cc808d6) Importer(815301076,1909f56bfc062723c751e8b465ee728b)  -> (artifact id: '8d2c8b9f6262c031e847f12c023250b2') in 0.011294 seconds 
  Import took 0.015652 seconds .

========================================================================
Received Import Request.
  Time since last request: 0.548699 seconds.
  path: Assets/sprites/ButtonTutorial.png
  artifactKey: Guid(ce296970c8248664dbc6d7a05af04fdf) Importer(815301076,1909f56bfc062723c751e8b465ee728b)
Start importing Assets/sprites/ButtonTutorial.png using Guid(ce296970c8248664dbc6d7a05af04fdf) Importer(815301076,1909f56bfc062723c751e8b465ee728b)  -> (artifact id: 'a287a56af9c5ec652aadd4e602245609') in 0.010642 seconds 
  Import took 0.013645 seconds .

========================================================================
Received Import Request.
  Time since last request: 0.000228 seconds.
  path: Assets/sprites/CharacterBio.png
  artifactKey: Guid(2677ad24fa4d2d840af39e4862ee0df8) Importer(815301076,1909f56bfc062723c751e8b465ee728b)
Start importing Assets/sprites/CharacterBio.png using Guid(2677ad24fa4d2d840af39e4862ee0df8) Importer(815301076,1909f56bfc062723c751e8b465ee728b)  -> (artifact id: '58214238496b98757cb55f72161f9560') in 0.010684 seconds 
  Import took 0.013703 seconds .

========================================================================
Received Import Request.
  Time since last request: 7.719368 seconds.
  path: Assets/sprites/QuitButton.png
  artifactKey: Guid(74f0204cb2b830e4aa41f84587a1d277) Importer(815301076,1909f56bfc062723c751e8b465ee728b)
Start importing Assets/sprites/QuitButton.png using Guid(74f0204cb2b830e4aa41f84587a1d277) Importer(815301076,1909f56bfc062723c751e8b465ee728b)  -> (artifact id: 'dd7ea60291a2e826bffa8fad1fb8993d') in 0.016768 seconds 
  Import took 0.020056 seconds .

========================================================================
Received Import Request.
  Time since last request: 0.013158 seconds.
  path: Assets/sprites/QuitButton.png
  artifactKey: Guid(74f0204cb2b830e4aa41f84587a1d277) Importer(815301076,1909f56bfc062723c751e8b465ee728b)
Start importing Assets/sprites/QuitButton.png using Guid(74f0204cb2b830e4aa41f84587a1d277) Importer(815301076,1909f56bfc062723c751e8b465ee728b)  -> (artifact id: 'dd7ea60291a2e826bffa8fad1fb8993d') in 0.013320 seconds 
  Import took 0.016174 seconds .

========================================================================
Received Import Request.
  Time since last request: 31.528780 seconds.
  path: Assets/Scenes/Puzzle1Scene.unity
  artifactKey: Guid(12b9d2f6277894a48946e02ecbb0a349) Importer(815301076,1909f56bfc062723c751e8b465ee728b)
Start importing Assets/Scenes/Puzzle1Scene.unity using Guid(12b9d2f6277894a48946e02ecbb0a349) Importer(815301076,1909f56bfc062723c751e8b465ee728b)  -> (artifact id: 'bfb580d85c5863425651419e98bfa482') in 0.002565 seconds 
  Import took 0.005432 seconds .

========================================================================
Received Import Request.
  Time since last request: 87.804753 seconds.
  path: Assets/prefabs/QuitButton.prefab
  artifactKey: Guid(1bb5d5e989a034145bf9e1f1c1591974) Importer(815301076,1909f56bfc062723c751e8b465ee728b)
Start importing Assets/prefabs/QuitButton.prefab using Guid(1bb5d5e989a034145bf9e1f1c1591974) Importer(815301076,1909f56bfc062723c751e8b465ee728b)  -> (artifact id: '39f9108fe4b88be93e85a34af1a647af') in 0.016848 seconds 
  Import took 0.019787 seconds .

========================================================================
Received Import Request.
  Time since last request: 0.001345 seconds.
  path: Assets/prefabs/QuitButton.prefab
  artifactKey: Guid(1bb5d5e989a034145bf9e1f1c1591974) Importer(815301076,1909f56bfc062723c751e8b465ee728b)
Start importing Assets/prefabs/QuitButton.prefab using Guid(1bb5d5e989a034145bf9e1f1c1591974) Importer(815301076,1909f56bfc062723c751e8b465ee728b)  -> (artifact id: '39f9108fe4b88be93e85a34af1a647af') in 0.003765 seconds 
  Import took 0.006548 seconds .

========================================================================
Received Import Request.
  Time since last request: 28.051852 seconds.
  path: Assets/Animations/QuitButton.controller
  artifactKey: Guid(69b94ace7515b7944bd723a2dc702cc4) Importer(815301076,1909f56bfc062723c751e8b465ee728b)
Start importing Assets/Animations/QuitButton.controller using Guid(69b94ace7515b7944bd723a2dc702cc4) Importer(815301076,1909f56bfc062723c751e8b465ee728b)  -> (artifact id: 'aaaa6970c04f44c21290bbbddda1d6db') in 0.004466 seconds 
  Import took 0.007507 seconds .

========================================================================
Received Import Request.
  Time since last request: 10.639909 seconds.
  path: Assets/Animations/QuitButton_0.controller
  artifactKey: Guid(43f7aa1e28f4b504dbbb2917f81c8b40) Importer(815301076,1909f56bfc062723c751e8b465ee728b)
Start importing Assets/Animations/QuitButton_0.controller using Guid(43f7aa1e28f4b504dbbb2917f81c8b40) Importer(815301076,1909f56bfc062723c751e8b465ee728b)  -> (artifact id: 'ba7fd05b793b1a330cc954a571ba7d69') in 0.005923 seconds 
  Import took 0.009228 seconds .

========================================================================
Received Prepare
Registering precompiled user dll's ...
Registered in 0.003772 seconds.
Begin MonoManager ReloadAssembly
Native extension for WindowsStandalone target not found
Native extension for WebGL target not found
Refreshing native plugins compatible for Editor in 0.35 ms, found 3 plugins.
Preloading 0 native plugins for Editor in 0.00 ms.
Mono: successfully reloaded assembly
- Completed reload, in  0.848 seconds
Domain Reload Profiling:
	ReloadAssembly (848ms)
		BeginReloadAssembly (99ms)
			ExecutionOrderSort (0ms)
			DisableScriptedObjects (4ms)
			BackupInstance (0ms)
			ReleaseScriptingObjects (0ms)
			CreateAndSetChildDomain (35ms)
		EndReloadAssembly (711ms)
			LoadAssemblies (72ms)
			RebuildTransferFunctionScriptingTraits (0ms)
			SetupTypeCache (206ms)
			ReleaseScriptCaches (1ms)
			RebuildScriptCaches (34ms)
			SetupLoadedEditorAssemblies (318ms)
				LogAssemblyErrors (0ms)
				InitializePlatformSupportModulesInManaged (3ms)
				SetLoadedEditorAssemblies (0ms)
				RefreshPlugins (0ms)
				BeforeProcessingInitializeOnLoad (67ms)
				ProcessInitializeOnLoadAttributes (241ms)
				ProcessInitializeOnLoadMethodAttributes (4ms)
				AfterProcessingInitializeOnLoad (2ms)
				EditorAssembliesLoaded (0ms)
			ExecutionOrderSort2 (0ms)
			AwakeInstancesAfterBackupRestoration (10ms)
Platform modules already initialized, skipping
Refreshing native plugins compatible for Editor in 0.47 ms, found 3 plugins.
Preloading 0 native plugins for Editor in 0.00 ms.
Unloading 2393 Unused Serialized files (Serialized files now loaded: 0)
System memory in use before: 107.3 MB.
System memory in use after: 107.4 MB.

Unloading 21 unused Assets to reduce memory usage. Loaded Objects now: 2855.
Total: 2.080600 ms (FindLiveObjects: 0.170000 ms CreateObjectMapping: 0.056900 ms MarkObjects: 1.763800 ms  DeleteObjects: 0.088800 ms)

AssetImportParameters requested are different than current active one (requested -> active):
  custom:framework-win-MediaFoundation: 216162199b28c13a410421893ffa2e32 -> 
  custom:video-decoder-ogg-theora: a1e56fd34408186e4bbccfd4996cb3dc -> 
  custom:container-muxer-webm: aa71ff27fc2769a1b78a27578f13a17b -> 
  custom:container-demuxer-webm: 4f35f7cbe854078d1ac9338744f61a02 -> 
  custom:container-demuxer-ogg: 62fdf1f143b41e24485cea50d1cbac27 -> 
  custom:video-encoder-webm-vp8: eb34c28f22e8b96e1ab97ce403110664 -> 
  custom:video-decoder-webm-vp8: 9c59270c3fd7afecdb556c50c9e8de78 -> 
  custom:audio-decoder-ogg-vorbis: bf7c407c2cedff20999df2af8eb42d56 -> 
  custom:audio-encoder-webm-vorbis: bf7c407c2cedff20999df2af8eb42d56 -> 
========================================================================
Received Prepare
Registering precompiled user dll's ...
Registered in 0.002505 seconds.
Begin MonoManager ReloadAssembly
Native extension for WindowsStandalone target not found
Native extension for WebGL target not found
Refreshing native plugins compatible for Editor in 0.39 ms, found 3 plugins.
Preloading 0 native plugins for Editor in 0.00 ms.
Mono: successfully reloaded assembly
- Completed reload, in  0.827 seconds
Domain Reload Profiling:
	ReloadAssembly (827ms)
		BeginReloadAssembly (87ms)
			ExecutionOrderSort (0ms)
			DisableScriptedObjects (5ms)
			BackupInstance (0ms)
			ReleaseScriptingObjects (0ms)
			CreateAndSetChildDomain (29ms)
		EndReloadAssembly (699ms)
			LoadAssemblies (71ms)
			RebuildTransferFunctionScriptingTraits (0ms)
			SetupTypeCache (189ms)
			ReleaseScriptCaches (1ms)
			RebuildScriptCaches (34ms)
			SetupLoadedEditorAssemblies (335ms)
				LogAssemblyErrors (0ms)
				InitializePlatformSupportModulesInManaged (4ms)
				SetLoadedEditorAssemblies (0ms)
				RefreshPlugins (0ms)
				BeforeProcessingInitializeOnLoad (63ms)
				ProcessInitializeOnLoadAttributes (260ms)
				ProcessInitializeOnLoadMethodAttributes (4ms)
				AfterProcessingInitializeOnLoad (2ms)
				EditorAssembliesLoaded (0ms)
			ExecutionOrderSort2 (0ms)
			AwakeInstancesAfterBackupRestoration (8ms)
Platform modules already initialized, skipping
Refreshing native plugins compatible for Editor in 0.38 ms, found 3 plugins.
Preloading 0 native plugins for Editor in 0.00 ms.
Unloading 2393 Unused Serialized files (Serialized files now loaded: 0)
System memory in use before: 107.4 MB.
System memory in use after: 107.5 MB.

Unloading 21 unused Assets to reduce memory usage. Loaded Objects now: 2859.
Total: 2.083500 ms (FindLiveObjects: 0.160500 ms CreateObjectMapping: 0.056900 ms MarkObjects: 1.772200 ms  DeleteObjects: 0.088100 ms)

AssetImportParameters requested are different than current active one (requested -> active):
  custom:framework-win-MediaFoundation: 216162199b28c13a410421893ffa2e32 -> 
  custom:video-decoder-ogg-theora: a1e56fd34408186e4bbccfd4996cb3dc -> 
  custom:container-muxer-webm: aa71ff27fc2769a1b78a27578f13a17b -> 
  custom:container-demuxer-webm: 4f35f7cbe854078d1ac9338744f61a02 -> 
  custom:container-demuxer-ogg: 62fdf1f143b41e24485cea50d1cbac27 -> 
  custom:video-encoder-webm-vp8: eb34c28f22e8b96e1ab97ce403110664 -> 
  custom:video-decoder-webm-vp8: 9c59270c3fd7afecdb556c50c9e8de78 -> 
  custom:audio-decoder-ogg-vorbis: bf7c407c2cedff20999df2af8eb42d56 -> 
  custom:audio-encoder-webm-vorbis: bf7c407c2cedff20999df2af8eb42d56 -> 
========================================================================
Received Import Request.
  Time since last request: 30.031592 seconds.
  path: Assets/Animations/QuitButton 1.controller
  artifactKey: Guid(af2b5e30494c69d419bd7b0ceabb4fc1) Importer(815301076,1909f56bfc062723c751e8b465ee728b)
Start importing Assets/Animations/QuitButton 1.controller using Guid(af2b5e30494c69d419bd7b0ceabb4fc1) Importer(815301076,1909f56bfc062723c751e8b465ee728b)  -> (artifact id: '096e9a8ab7660e87c46903e46bd3b5ab') in 0.012679 seconds 
  Import took 0.015322 seconds .

========================================================================
Received Import Request.
  Time since last request: 10.368047 seconds.
  path: Assets/Animations/QuitButton2.controller
  artifactKey: Guid(af2b5e30494c69d419bd7b0ceabb4fc1) Importer(815301076,1909f56bfc062723c751e8b465ee728b)
Start importing Assets/Animations/QuitButton2.controller using Guid(af2b5e30494c69d419bd7b0ceabb4fc1) Importer(815301076,1909f56bfc062723c751e8b465ee728b)  -> (artifact id: '8e66577235293af39eb58a9903da2b74') in 0.005443 seconds 
  Import took 0.011716 seconds .

========================================================================
Received Import Request.
  Time since last request: 32.517235 seconds.
  path: Assets/Animations/quitButtonIdle.anim
  artifactKey: Guid(f15e79a5462c36649a7479244ec09337) Importer(815301076,1909f56bfc062723c751e8b465ee728b)
Start importing Assets/Animations/quitButtonIdle.anim using Guid(f15e79a5462c36649a7479244ec09337) Importer(815301076,1909f56bfc062723c751e8b465ee728b)  -> (artifact id: '6dc5032395a1f07a255f676dff818396') in 0.006458 seconds 
  Import took 0.010175 seconds .

========================================================================
Received Import Request.
  Time since last request: 0.007364 seconds.
  path: Assets/Animations/quitButtonIdle.anim
  artifactKey: Guid(f15e79a5462c36649a7479244ec09337) Importer(815301076,1909f56bfc062723c751e8b465ee728b)
Start importing Assets/Animations/quitButtonIdle.anim using Guid(f15e79a5462c36649a7479244ec09337) Importer(815301076,1909f56bfc062723c751e8b465ee728b)  -> (artifact id: '6dc5032395a1f07a255f676dff818396') in 0.002464 seconds 
  Import took 0.005172 seconds .

========================================================================
Received Import Request.
  Time since last request: 0.678925 seconds.
  path: Assets/Animations/quitButtonIdle 1.anim
  artifactKey: Guid(bd03dcad44175ab468a15e20da29654a) Importer(815301076,1909f56bfc062723c751e8b465ee728b)
Start importing Assets/Animations/quitButtonIdle 1.anim using Guid(bd03dcad44175ab468a15e20da29654a) Importer(815301076,1909f56bfc062723c751e8b465ee728b)  -> (artifact id: '88d18843cb9047a77a3462d867d89381') in 0.005122 seconds 
  Import took 0.007937 seconds .

========================================================================
Received Import Request.
  Time since last request: 5.184649 seconds.
  path: Assets/Animations/quitButtonIdle2.anim
  artifactKey: Guid(bd03dcad44175ab468a15e20da29654a) Importer(815301076,1909f56bfc062723c751e8b465ee728b)
Start importing Assets/Animations/quitButtonIdle2.anim using Guid(bd03dcad44175ab468a15e20da29654a) Importer(815301076,1909f56bfc062723c751e8b465ee728b)  -> (artifact id: 'd9bfffef039b638f9ea2ad42d40205df') in 0.005308 seconds 
  Import took 0.008275 seconds .

========================================================================
Received Import Request.
  Time since last request: 9.900532 seconds.
  path: Assets/Animations/QuitButton2.controller
  artifactKey: Guid(af2b5e30494c69d419bd7b0ceabb4fc1) Importer(815301076,1909f56bfc062723c751e8b465ee728b)
Start importing Assets/Animations/QuitButton2.controller using Guid(af2b5e30494c69d419bd7b0ceabb4fc1) Importer(815301076,1909f56bfc062723c751e8b465ee728b)  -> (artifact id: '1a897304f3356f9dc85bd4150b888b7c') in 0.002251 seconds 
  Import took 0.005149 seconds .

========================================================================
Received Import Request.
  Time since last request: 0.024394 seconds.
  path: Assets/Animations/QuitButton2.controller
  artifactKey: Guid(af2b5e30494c69d419bd7b0ceabb4fc1) Importer(815301076,1909f56bfc062723c751e8b465ee728b)
Start importing Assets/Animations/QuitButton2.controller using Guid(af2b5e30494c69d419bd7b0ceabb4fc1) Importer(815301076,1909f56bfc062723c751e8b465ee728b)  -> (artifact id: '1a897304f3356f9dc85bd4150b888b7c') in 0.002595 seconds 
  Import took 0.005416 seconds .

========================================================================
Received Prepare
Registering precompiled user dll's ...
Registered in 0.002540 seconds.
Begin MonoManager ReloadAssembly
Native extension for WindowsStandalone target not found
Native extension for WebGL target not found
Refreshing native plugins compatible for Editor in 0.41 ms, found 3 plugins.
Preloading 0 native plugins for Editor in 0.00 ms.
Mono: successfully reloaded assembly
- Completed reload, in  0.786 seconds
Domain Reload Profiling:
	ReloadAssembly (787ms)
		BeginReloadAssembly (88ms)
			ExecutionOrderSort (0ms)
			DisableScriptedObjects (4ms)
			BackupInstance (0ms)
			ReleaseScriptingObjects (0ms)
			CreateAndSetChildDomain (26ms)
		EndReloadAssembly (660ms)
			LoadAssemblies (71ms)
			RebuildTransferFunctionScriptingTraits (0ms)
			SetupTypeCache (177ms)
			ReleaseScriptCaches (1ms)
			RebuildScriptCaches (33ms)
			SetupLoadedEditorAssemblies (315ms)
				LogAssemblyErrors (0ms)
				InitializePlatformSupportModulesInManaged (3ms)
				SetLoadedEditorAssemblies (0ms)
				RefreshPlugins (0ms)
				BeforeProcessingInitializeOnLoad (63ms)
				ProcessInitializeOnLoadAttributes (243ms)
				ProcessInitializeOnLoadMethodAttributes (4ms)
				AfterProcessingInitializeOnLoad (2ms)
				EditorAssembliesLoaded (0ms)
			ExecutionOrderSort2 (0ms)
			AwakeInstancesAfterBackupRestoration (7ms)
Platform modules already initialized, skipping
Refreshing native plugins compatible for Editor in 0.37 ms, found 3 plugins.
Preloading 0 native plugins for Editor in 0.00 ms.
Unloading 2393 Unused Serialized files (Serialized files now loaded: 0)
System memory in use before: 107.4 MB.
System memory in use after: 107.5 MB.

Unloading 21 unused Assets to reduce memory usage. Loaded Objects now: 2863.
Total: 2.200800 ms (FindLiveObjects: 0.158200 ms CreateObjectMapping: 0.060200 ms MarkObjects: 1.870100 ms  DeleteObjects: 0.111500 ms)

AssetImportParameters requested are different than current active one (requested -> active):
  custom:framework-win-MediaFoundation: 216162199b28c13a410421893ffa2e32 -> 
  custom:video-decoder-ogg-theora: a1e56fd34408186e4bbccfd4996cb3dc -> 
  custom:container-muxer-webm: aa71ff27fc2769a1b78a27578f13a17b -> 
  custom:container-demuxer-webm: 4f35f7cbe854078d1ac9338744f61a02 -> 
  custom:container-demuxer-ogg: 62fdf1f143b41e24485cea50d1cbac27 -> 
  custom:video-encoder-webm-vp8: eb34c28f22e8b96e1ab97ce403110664 -> 
  custom:video-decoder-webm-vp8: 9c59270c3fd7afecdb556c50c9e8de78 -> 
  custom:audio-decoder-ogg-vorbis: bf7c407c2cedff20999df2af8eb42d56 -> 
  custom:audio-encoder-webm-vorbis: bf7c407c2cedff20999df2af8eb42d56 -> 
========================================================================
Received Import Request.
  Time since last request: 81.847581 seconds.
  path: Assets/Scenes/Puzzle1Scene.unity
  artifactKey: Guid(12b9d2f6277894a48946e02ecbb0a349) Importer(815301076,1909f56bfc062723c751e8b465ee728b)
Start importing Assets/Scenes/Puzzle1Scene.unity using Guid(12b9d2f6277894a48946e02ecbb0a349) Importer(815301076,1909f56bfc062723c751e8b465ee728b)  -> (artifact id: 'ac46ac5b7ea5094114e5ca513cdbf8a6') in 0.013068 seconds 
  Import took 0.015922 seconds .

========================================================================
Received Import Request.
  Time since last request: 1.222828 seconds.
  path: Assets/Scenes/Tutorial2Scene.unity
  artifactKey: Guid(a18b5add86f228d44b1e0f5cbdbdaf0e) Importer(815301076,1909f56bfc062723c751e8b465ee728b)
Start importing Assets/Scenes/Tutorial2Scene.unity using Guid(a18b5add86f228d44b1e0f5cbdbdaf0e) Importer(815301076,1909f56bfc062723c751e8b465ee728b)  -> (artifact id: 'bc73ada58934942b1e8cdec8d311d02d') in 0.005416 seconds 
  Import took 0.008666 seconds .

========================================================================
Received Import Request.
  Time since last request: 2.942221 seconds.
  path: Assets/Scenes/EndScreenScene.unity
  artifactKey: Guid(c40ccacf43e06dd46a9b5838285949a5) Importer(815301076,1909f56bfc062723c751e8b465ee728b)
Start importing Assets/Scenes/EndScreenScene.unity using Guid(c40ccacf43e06dd46a9b5838285949a5) Importer(815301076,1909f56bfc062723c751e8b465ee728b)  -> (artifact id: '3b9ab2e009f8aaf0b3e847ef69a2f98f') in 0.031175 seconds 
  Import took 0.034053 seconds .

========================================================================
Received Prepare
Registering precompiled user dll's ...
Registered in 0.002400 seconds.
Begin MonoManager ReloadAssembly
Native extension for WindowsStandalone target not found
Native extension for WebGL target not found
Refreshing native plugins compatible for Editor in 0.40 ms, found 3 plugins.
Preloading 0 native plugins for Editor in 0.00 ms.
Mono: successfully reloaded assembly
- Completed reload, in  0.819 seconds
Domain Reload Profiling:
	ReloadAssembly (819ms)
		BeginReloadAssembly (90ms)
			ExecutionOrderSort (0ms)
			DisableScriptedObjects (5ms)
			BackupInstance (0ms)
			ReleaseScriptingObjects (0ms)
			CreateAndSetChildDomain (29ms)
		EndReloadAssembly (687ms)
			LoadAssemblies (73ms)
			RebuildTransferFunctionScriptingTraits (0ms)
			SetupTypeCache (193ms)
			ReleaseScriptCaches (1ms)
			RebuildScriptCaches (34ms)
			SetupLoadedEditorAssemblies (321ms)
				LogAssemblyErrors (0ms)
				InitializePlatformSupportModulesInManaged (4ms)
				SetLoadedEditorAssemblies (0ms)
				RefreshPlugins (0ms)
				BeforeProcessingInitializeOnLoad (65ms)
				ProcessInitializeOnLoadAttributes (246ms)
				ProcessInitializeOnLoadMethodAttributes (4ms)
				AfterProcessingInitializeOnLoad (2ms)
				EditorAssembliesLoaded (0ms)
			ExecutionOrderSort2 (0ms)
			AwakeInstancesAfterBackupRestoration (7ms)
Platform modules already initialized, skipping
Refreshing native plugins compatible for Editor in 0.39 ms, found 3 plugins.
Preloading 0 native plugins for Editor in 0.00 ms.
Unloading 2393 Unused Serialized files (Serialized files now loaded: 0)
System memory in use before: 107.4 MB.
System memory in use after: 107.5 MB.

Unloading 21 unused Assets to reduce memory usage. Loaded Objects now: 2867.
Total: 1.982800 ms (FindLiveObjects: 0.153600 ms CreateObjectMapping: 0.063400 ms MarkObjects: 1.685000 ms  DeleteObjects: 0.079900 ms)

AssetImportParameters requested are different than current active one (requested -> active):
  custom:framework-win-MediaFoundation: 216162199b28c13a410421893ffa2e32 -> 
  custom:video-decoder-ogg-theora: a1e56fd34408186e4bbccfd4996cb3dc -> 
  custom:container-muxer-webm: aa71ff27fc2769a1b78a27578f13a17b -> 
  custom:container-demuxer-webm: 4f35f7cbe854078d1ac9338744f61a02 -> 
  custom:container-demuxer-ogg: 62fdf1f143b41e24485cea50d1cbac27 -> 
  custom:video-encoder-webm-vp8: eb34c28f22e8b96e1ab97ce403110664 -> 
  custom:video-decoder-webm-vp8: 9c59270c3fd7afecdb556c50c9e8de78 -> 
  custom:audio-decoder-ogg-vorbis: bf7c407c2cedff20999df2af8eb42d56 -> 
  custom:audio-encoder-webm-vorbis: bf7c407c2cedff20999df2af8eb42d56 -> 
========================================================================
Received Prepare
Refreshing native plugins compatible for Editor in 2.99 ms, found 3 plugins.
Preloading 0 native plugins for Editor in 0.00 ms.
Unloading 19 Unused Serialized files (Serialized files now loaded: 0)
System memory in use before: 60.6 MB.
System memory in use after: 60.7 MB.

Unloading 19 unused Assets to reduce memory usage. Loaded Objects now: 2867.
Total: 2.133000 ms (FindLiveObjects: 0.170200 ms CreateObjectMapping: 0.072900 ms MarkObjects: 1.801900 ms  DeleteObjects: 0.087100 ms)

AssetImportParameters requested are different than current active one (requested -> active):
  custom:framework-win-MediaFoundation: 216162199b28c13a410421893ffa2e32 -> 
  custom:video-decoder-ogg-theora: a1e56fd34408186e4bbccfd4996cb3dc -> 
  custom:container-muxer-webm: aa71ff27fc2769a1b78a27578f13a17b -> 
  custom:container-demuxer-webm: 4f35f7cbe854078d1ac9338744f61a02 -> 
  custom:container-demuxer-ogg: 62fdf1f143b41e24485cea50d1cbac27 -> 
  custom:video-encoder-webm-vp8: eb34c28f22e8b96e1ab97ce403110664 -> 
  custom:video-decoder-webm-vp8: 9c59270c3fd7afecdb556c50c9e8de78 -> 
  custom:audio-decoder-ogg-vorbis: bf7c407c2cedff20999df2af8eb42d56 -> 
  custom:audio-encoder-webm-vorbis: bf7c407c2cedff20999df2af8eb42d56 -> 
========================================================================
Received Prepare
Registering precompiled user dll's ...
Registered in 0.002522 seconds.
Begin MonoManager ReloadAssembly
Native extension for WindowsStandalone target not found
Native extension for WebGL target not found
Refreshing native plugins compatible for Editor in 0.38 ms, found 3 plugins.
Preloading 0 native plugins for Editor in 0.00 ms.
Mono: successfully reloaded assembly
- Completed reload, in  0.842 seconds
Domain Reload Profiling:
	ReloadAssembly (842ms)
		BeginReloadAssembly (89ms)
			ExecutionOrderSort (0ms)
			DisableScriptedObjects (5ms)
			BackupInstance (0ms)
			ReleaseScriptingObjects (0ms)
			CreateAndSetChildDomain (27ms)
		EndReloadAssembly (706ms)
			LoadAssemblies (82ms)
			RebuildTransferFunctionScriptingTraits (0ms)
			SetupTypeCache (195ms)
			ReleaseScriptCaches (1ms)
			RebuildScriptCaches (35ms)
			SetupLoadedEditorAssemblies (326ms)
				LogAssemblyErrors (0ms)
				InitializePlatformSupportModulesInManaged (4ms)
				SetLoadedEditorAssemblies (0ms)
				RefreshPlugins (0ms)
				BeforeProcessingInitializeOnLoad (63ms)
				ProcessInitializeOnLoadAttributes (254ms)
				ProcessInitializeOnLoadMethodAttributes (4ms)
				AfterProcessingInitializeOnLoad (2ms)
				EditorAssembliesLoaded (0ms)
			ExecutionOrderSort2 (0ms)
			AwakeInstancesAfterBackupRestoration (7ms)
Platform modules already initialized, skipping
Refreshing native plugins compatible for Editor in 0.37 ms, found 3 plugins.
Preloading 0 native plugins for Editor in 0.00 ms.
Unloading 2393 Unused Serialized files (Serialized files now loaded: 0)
System memory in use before: 107.4 MB.
System memory in use after: 107.5 MB.

Unloading 21 unused Assets to reduce memory usage. Loaded Objects now: 2871.
Total: 2.226800 ms (FindLiveObjects: 0.163000 ms CreateObjectMapping: 0.065100 ms MarkObjects: 1.914100 ms  DeleteObjects: 0.083300 ms)

AssetImportParameters requested are different than current active one (requested -> active):
  custom:framework-win-MediaFoundation: 216162199b28c13a410421893ffa2e32 -> 
  custom:video-decoder-ogg-theora: a1e56fd34408186e4bbccfd4996cb3dc -> 
  custom:container-muxer-webm: aa71ff27fc2769a1b78a27578f13a17b -> 
  custom:container-demuxer-webm: 4f35f7cbe854078d1ac9338744f61a02 -> 
  custom:container-demuxer-ogg: 62fdf1f143b41e24485cea50d1cbac27 -> 
  custom:video-encoder-webm-vp8: eb34c28f22e8b96e1ab97ce403110664 -> 
  custom:video-decoder-webm-vp8: 9c59270c3fd7afecdb556c50c9e8de78 -> 
  custom:audio-decoder-ogg-vorbis: bf7c407c2cedff20999df2af8eb42d56 -> 
  custom:audio-encoder-webm-vorbis: bf7c407c2cedff20999df2af8eb42d56 -> 
========================================================================
Received Prepare
Registering precompiled user dll's ...
Registered in 0.002503 seconds.
Begin MonoManager ReloadAssembly
Native extension for WindowsStandalone target not found
Native extension for WebGL target not found
Refreshing native plugins compatible for Editor in 0.39 ms, found 3 plugins.
Preloading 0 native plugins for Editor in 0.00 ms.
Mono: successfully reloaded assembly
- Completed reload, in  0.825 seconds
Domain Reload Profiling:
	ReloadAssembly (825ms)
		BeginReloadAssembly (86ms)
			ExecutionOrderSort (0ms)
			DisableScriptedObjects (5ms)
			BackupInstance (0ms)
			ReleaseScriptingObjects (0ms)
			CreateAndSetChildDomain (26ms)
		EndReloadAssembly (695ms)
			LoadAssemblies (75ms)
			RebuildTransferFunctionScriptingTraits (0ms)
			SetupTypeCache (194ms)
			ReleaseScriptCaches (1ms)
			RebuildScriptCaches (35ms)
			SetupLoadedEditorAssemblies (322ms)
				LogAssemblyErrors (0ms)
				InitializePlatformSupportModulesInManaged (5ms)
				SetLoadedEditorAssemblies (0ms)
				RefreshPlugins (0ms)
				BeforeProcessingInitializeOnLoad (63ms)
				ProcessInitializeOnLoadAttributes (248ms)
				ProcessInitializeOnLoadMethodAttributes (4ms)
				AfterProcessingInitializeOnLoad (2ms)
				EditorAssembliesLoaded (0ms)
			ExecutionOrderSort2 (0ms)
			AwakeInstancesAfterBackupRestoration (7ms)
Platform modules already initialized, skipping
Refreshing native plugins compatible for Editor in 0.36 ms, found 3 plugins.
Preloading 0 native plugins for Editor in 0.00 ms.
Unloading 2393 Unused Serialized files (Serialized files now loaded: 0)
System memory in use before: 107.6 MB.
System memory in use after: 107.6 MB.

Unloading 21 unused Assets to reduce memory usage. Loaded Objects now: 2875.
Total: 2.004400 ms (FindLiveObjects: 0.159900 ms CreateObjectMapping: 0.067400 ms MarkObjects: 1.693800 ms  DeleteObjects: 0.082500 ms)

AssetImportParameters requested are different than current active one (requested -> active):
  custom:framework-win-MediaFoundation: 216162199b28c13a410421893ffa2e32 -> 
  custom:video-decoder-ogg-theora: a1e56fd34408186e4bbccfd4996cb3dc -> 
  custom:container-muxer-webm: aa71ff27fc2769a1b78a27578f13a17b -> 
  custom:container-demuxer-webm: 4f35f7cbe854078d1ac9338744f61a02 -> 
  custom:container-demuxer-ogg: 62fdf1f143b41e24485cea50d1cbac27 -> 
  custom:video-encoder-webm-vp8: eb34c28f22e8b96e1ab97ce403110664 -> 
  custom:video-decoder-webm-vp8: 9c59270c3fd7afecdb556c50c9e8de78 -> 
  custom:audio-decoder-ogg-vorbis: bf7c407c2cedff20999df2af8eb42d56 -> 
  custom:audio-encoder-webm-vorbis: bf7c407c2cedff20999df2af8eb42d56 -> 
========================================================================
Received Prepare
Registering precompiled user dll's ...
Registered in 0.002986 seconds.
Begin MonoManager ReloadAssembly
Native extension for WindowsStandalone target not found
Native extension for WebGL target not found
Refreshing native plugins compatible for Editor in 0.43 ms, found 3 plugins.
Preloading 0 native plugins for Editor in 0.00 ms.
Mono: successfully reloaded assembly
- Completed reload, in  1.681 seconds
Domain Reload Profiling:
	ReloadAssembly (1682ms)
		BeginReloadAssembly (98ms)
			ExecutionOrderSort (0ms)
			DisableScriptedObjects (4ms)
			BackupInstance (0ms)
			ReleaseScriptingObjects (0ms)
			CreateAndSetChildDomain (35ms)
		EndReloadAssembly (1542ms)
			LoadAssemblies (80ms)
			RebuildTransferFunctionScriptingTraits (0ms)
			SetupTypeCache (261ms)
			ReleaseScriptCaches (1ms)
			RebuildScriptCaches (59ms)
			SetupLoadedEditorAssemblies (1002ms)
				LogAssemblyErrors (0ms)
				InitializePlatformSupportModulesInManaged (4ms)
				SetLoadedEditorAssemblies (0ms)
				RefreshPlugins (0ms)
				BeforeProcessingInitializeOnLoad (588ms)
				ProcessInitializeOnLoadAttributes (403ms)
				ProcessInitializeOnLoadMethodAttributes (5ms)
				AfterProcessingInitializeOnLoad (2ms)
				EditorAssembliesLoaded (0ms)
			ExecutionOrderSort2 (0ms)
			AwakeInstancesAfterBackupRestoration (8ms)
Platform modules already initialized, skipping
Refreshing native plugins compatible for Editor in 0.37 ms, found 3 plugins.
Preloading 0 native plugins for Editor in 0.00 ms.
Unloading 2393 Unused Serialized files (Serialized files now loaded: 0)
System memory in use before: 107.6 MB.
System memory in use after: 107.6 MB.

Unloading 21 unused Assets to reduce memory usage. Loaded Objects now: 2879.
Total: 2.384700 ms (FindLiveObjects: 0.180000 ms CreateObjectMapping: 0.066100 ms MarkObjects: 2.000000 ms  DeleteObjects: 0.136900 ms)

AssetImportParameters requested are different than current active one (requested -> active):
  custom:framework-win-MediaFoundation: 216162199b28c13a410421893ffa2e32 -> 
  custom:video-decoder-ogg-theora: a1e56fd34408186e4bbccfd4996cb3dc -> 
  custom:container-muxer-webm: aa71ff27fc2769a1b78a27578f13a17b -> 
  custom:container-demuxer-webm: 4f35f7cbe854078d1ac9338744f61a02 -> 
  custom:container-demuxer-ogg: 62fdf1f143b41e24485cea50d1cbac27 -> 
  custom:video-encoder-webm-vp8: eb34c28f22e8b96e1ab97ce403110664 -> 
  custom:video-decoder-webm-vp8: 9c59270c3fd7afecdb556c50c9e8de78 -> 
  custom:audio-decoder-ogg-vorbis: bf7c407c2cedff20999df2af8eb42d56 -> 
  custom:audio-encoder-webm-vorbis: bf7c407c2cedff20999df2af8eb42d56 -> 
========================================================================
Received Prepare
Refreshing native plugins compatible for Editor in 2.87 ms, found 3 plugins.
Preloading 0 native plugins for Editor in 0.00 ms.
Unloading 19 Unused Serialized files (Serialized files now loaded: 0)
System memory in use before: 60.7 MB.
System memory in use after: 60.8 MB.

Unloading 19 unused Assets to reduce memory usage. Loaded Objects now: 2879.
Total: 2.206200 ms (FindLiveObjects: 0.160800 ms CreateObjectMapping: 0.059900 ms MarkObjects: 1.895300 ms  DeleteObjects: 0.089500 ms)

AssetImportParameters requested are different than current active one (requested -> active):
  custom:framework-win-MediaFoundation: 216162199b28c13a410421893ffa2e32 -> 
  custom:video-decoder-ogg-theora: a1e56fd34408186e4bbccfd4996cb3dc -> 
  custom:container-muxer-webm: aa71ff27fc2769a1b78a27578f13a17b -> 
  custom:container-demuxer-webm: 4f35f7cbe854078d1ac9338744f61a02 -> 
  custom:container-demuxer-ogg: 62fdf1f143b41e24485cea50d1cbac27 -> 
  custom:video-encoder-webm-vp8: eb34c28f22e8b96e1ab97ce403110664 -> 
  custom:video-decoder-webm-vp8: 9c59270c3fd7afecdb556c50c9e8de78 -> 
  custom:audio-decoder-ogg-vorbis: bf7c407c2cedff20999df2af8eb42d56 -> 
  custom:audio-encoder-webm-vorbis: bf7c407c2cedff20999df2af8eb42d56 -> 
========================================================================
Received Import Request.
  Time since last request: 413.024207 seconds.
  path: Assets/Scenes/EndScreenScene.unity
  artifactKey: Guid(c40ccacf43e06dd46a9b5838285949a5) Importer(815301076,1909f56bfc062723c751e8b465ee728b)
Start importing Assets/Scenes/EndScreenScene.unity using Guid(c40ccacf43e06dd46a9b5838285949a5) Importer(815301076,1909f56bfc062723c751e8b465ee728b)  -> (artifact id: '36d68609c080ab44904d2b8933efb05f') in 0.011052 seconds 
  Import took 0.014310 seconds .

========================================================================
Received Prepare
Registering precompiled user dll's ...
Registered in 0.002488 seconds.
Begin MonoManager ReloadAssembly
Native extension for WindowsStandalone target not found
Native extension for WebGL target not found
Refreshing native plugins compatible for Editor in 0.37 ms, found 3 plugins.
Preloading 0 native plugins for Editor in 0.00 ms.
Mono: successfully reloaded assembly
- Completed reload, in  0.818 seconds
Domain Reload Profiling:
	ReloadAssembly (819ms)
		BeginReloadAssembly (86ms)
			ExecutionOrderSort (0ms)
			DisableScriptedObjects (4ms)
			BackupInstance (0ms)
			ReleaseScriptingObjects (0ms)
			CreateAndSetChildDomain (27ms)
		EndReloadAssembly (692ms)
			LoadAssemblies (72ms)
			RebuildTransferFunctionScriptingTraits (0ms)
			SetupTypeCache (193ms)
			ReleaseScriptCaches (1ms)
			RebuildScriptCaches (35ms)
			SetupLoadedEditorAssemblies (323ms)
				LogAssemblyErrors (0ms)
				InitializePlatformSupportModulesInManaged (4ms)
				SetLoadedEditorAssemblies (0ms)
				RefreshPlugins (0ms)
				BeforeProcessingInitializeOnLoad (66ms)
				ProcessInitializeOnLoadAttributes (246ms)
				ProcessInitializeOnLoadMethodAttributes (4ms)
				AfterProcessingInitializeOnLoad (1ms)
				EditorAssembliesLoaded (0ms)
			ExecutionOrderSort2 (0ms)
			AwakeInstancesAfterBackupRestoration (7ms)
Platform modules already initialized, skipping
Refreshing native plugins compatible for Editor in 0.37 ms, found 3 plugins.
Preloading 0 native plugins for Editor in 0.00 ms.
Unloading 2393 Unused Serialized files (Serialized files now loaded: 0)
System memory in use before: 107.6 MB.
System memory in use after: 107.7 MB.

Unloading 21 unused Assets to reduce memory usage. Loaded Objects now: 2883.
Total: 2.070100 ms (FindLiveObjects: 0.154800 ms CreateObjectMapping: 0.055800 ms MarkObjects: 1.756200 ms  DeleteObjects: 0.102300 ms)

AssetImportParameters requested are different than current active one (requested -> active):
  custom:framework-win-MediaFoundation: 216162199b28c13a410421893ffa2e32 -> 
  custom:video-decoder-ogg-theora: a1e56fd34408186e4bbccfd4996cb3dc -> 
  custom:container-muxer-webm: aa71ff27fc2769a1b78a27578f13a17b -> 
  custom:container-demuxer-webm: 4f35f7cbe854078d1ac9338744f61a02 -> 
  custom:container-demuxer-ogg: 62fdf1f143b41e24485cea50d1cbac27 -> 
  custom:video-encoder-webm-vp8: eb34c28f22e8b96e1ab97ce403110664 -> 
  custom:video-decoder-webm-vp8: 9c59270c3fd7afecdb556c50c9e8de78 -> 
  custom:audio-decoder-ogg-vorbis: bf7c407c2cedff20999df2af8eb42d56 -> 
  custom:audio-encoder-webm-vorbis: bf7c407c2cedff20999df2af8eb42d56 -> 
========================================================================
Received Prepare
Refreshing native plugins compatible for Editor in 3.03 ms, found 3 plugins.
Preloading 0 native plugins for Editor in 0.00 ms.
Unloading 19 Unused Serialized files (Serialized files now loaded: 0)
System memory in use before: 60.7 MB.
System memory in use after: 60.8 MB.

Unloading 19 unused Assets to reduce memory usage. Loaded Objects now: 2883.
Total: 2.134700 ms (FindLiveObjects: 0.175200 ms CreateObjectMapping: 0.070500 ms MarkObjects: 1.792500 ms  DeleteObjects: 0.095700 ms)

AssetImportParameters requested are different than current active one (requested -> active):
  custom:framework-win-MediaFoundation: 216162199b28c13a410421893ffa2e32 -> 
  custom:video-decoder-ogg-theora: a1e56fd34408186e4bbccfd4996cb3dc -> 
  custom:container-muxer-webm: aa71ff27fc2769a1b78a27578f13a17b -> 
  custom:container-demuxer-webm: 4f35f7cbe854078d1ac9338744f61a02 -> 
  custom:container-demuxer-ogg: 62fdf1f143b41e24485cea50d1cbac27 -> 
  custom:video-encoder-webm-vp8: eb34c28f22e8b96e1ab97ce403110664 -> 
  custom:video-decoder-webm-vp8: 9c59270c3fd7afecdb556c50c9e8de78 -> 
  custom:audio-decoder-ogg-vorbis: bf7c407c2cedff20999df2af8eb42d56 -> 
  custom:audio-encoder-webm-vorbis: bf7c407c2cedff20999df2af8eb42d56 -> 
========================================================================
Received Prepare
Refreshing native plugins compatible for Editor in 2.62 ms, found 3 plugins.
Preloading 0 native plugins for Editor in 0.00 ms.
Unloading 19 Unused Serialized files (Serialized files now loaded: 0)
System memory in use before: 60.7 MB.
System memory in use after: 60.8 MB.

Unloading 19 unused Assets to reduce memory usage. Loaded Objects now: 2883.
Total: 2.171600 ms (FindLiveObjects: 0.151000 ms CreateObjectMapping: 0.057200 ms MarkObjects: 1.879000 ms  DeleteObjects: 0.083400 ms)

AssetImportParameters requested are different than current active one (requested -> active):
  custom:framework-win-MediaFoundation: 216162199b28c13a410421893ffa2e32 -> 
  custom:video-decoder-ogg-theora: a1e56fd34408186e4bbccfd4996cb3dc -> 
  custom:container-muxer-webm: aa71ff27fc2769a1b78a27578f13a17b -> 
  custom:container-demuxer-webm: 4f35f7cbe854078d1ac9338744f61a02 -> 
  custom:container-demuxer-ogg: 62fdf1f143b41e24485cea50d1cbac27 -> 
  custom:video-encoder-webm-vp8: eb34c28f22e8b96e1ab97ce403110664 -> 
  custom:video-decoder-webm-vp8: 9c59270c3fd7afecdb556c50c9e8de78 -> 
  custom:audio-decoder-ogg-vorbis: bf7c407c2cedff20999df2af8eb42d56 -> 
  custom:audio-encoder-webm-vorbis: bf7c407c2cedff20999df2af8eb42d56 -> 
========================================================================
Received Prepare
Refreshing native plugins compatible for Editor in 3.00 ms, found 3 plugins.
Preloading 0 native plugins for Editor in 0.00 ms.
Unloading 19 Unused Serialized files (Serialized files now loaded: 0)
System memory in use before: 60.7 MB.
System memory in use after: 60.8 MB.

Unloading 19 unused Assets to reduce memory usage. Loaded Objects now: 2883.
Total: 2.182000 ms (FindLiveObjects: 0.183400 ms CreateObjectMapping: 0.077500 ms MarkObjects: 1.802500 ms  DeleteObjects: 0.117600 ms)

AssetImportParameters requested are different than current active one (requested -> active):
  custom:framework-win-MediaFoundation: 216162199b28c13a410421893ffa2e32 -> 
  custom:video-decoder-ogg-theora: a1e56fd34408186e4bbccfd4996cb3dc -> 
  custom:container-muxer-webm: aa71ff27fc2769a1b78a27578f13a17b -> 
  custom:container-demuxer-webm: 4f35f7cbe854078d1ac9338744f61a02 -> 
  custom:container-demuxer-ogg: 62fdf1f143b41e24485cea50d1cbac27 -> 
  custom:video-encoder-webm-vp8: eb34c28f22e8b96e1ab97ce403110664 -> 
  custom:video-decoder-webm-vp8: 9c59270c3fd7afecdb556c50c9e8de78 -> 
  custom:audio-decoder-ogg-vorbis: bf7c407c2cedff20999df2af8eb42d56 -> 
  custom:audio-encoder-webm-vorbis: bf7c407c2cedff20999df2af8eb42d56 -> 
AssetImportWorkerClient::OnTransportError - code=2 error=End of file
