Using pre-set license
Built from '2020.3/staging' branch; Version is '2020.3.5f1 (8095aa901b9b) revision 8426922'; Using compiler version '192528614'; Build Type 'Release'
OS: 'Windows 10 Enterprise; OS build 19042.985; Version 2009; 64bit' Language: 'en' Physical Memory: 16367 MB
BatchMode: 1, IsHumanControllingUs: 0, StartBugReporterOnCrash: 0, Is64bit: 1, IsPro: 0

 COMMAND LINE ARGUMENTS:
D:\Unity\__Editors\2020.3.5f1\Editor\Unity.exe
-adb2
-batchMode
-noUpm
-name
AssetImportWorker0
-projectPath
D:/github/GMTK-Gamejam-2021-submission/GameJam
-logFile
Logs/AssetImportWorker0.log
-srvPort
64231
Successfully changed project path to: D:/github/GMTK-Gamejam-2021-submission/GameJam
D:/github/GMTK-Gamejam-2021-submission/GameJam
Using Asset Import Pipeline V2.
Refreshing native plugins compatible for Editor in 103.61 ms, found 1 plugins.
Preloading 0 native plugins for Editor in 0.00 ms.
Initialize engine version: 2020.3.5f1 (8095aa901b9b)
[Subsystems] Discovering subsystems at path D:/Unity/__Editors/2020.3.5f1/Editor/Data/Resources/UnitySubsystems
[Subsystems] Discovering subsystems at path D:/github/GMTK-Gamejam-2021-submission/GameJam/Assets
GfxDevice: creating device client; threaded=0
Direct3D:
    Version:  Direct3D 11.0 [level 11.1]
    Renderer: NVIDIA GeForce GTX 1080 (ID=0x1b80)
    Vendor:   
    VRAM:     8079 MB
    Driver:   27.21.14.6663
Initialize mono
Mono path[0] = 'D:/Unity/__Editors/2020.3.5f1/Editor/Data/Managed'
Mono path[1] = 'D:/Unity/__Editors/2020.3.5f1/Editor/Data/MonoBleedingEdge/lib/mono/unityjit'
Mono config path = 'D:/Unity/__Editors/2020.3.5f1/Editor/Data/MonoBleedingEdge/etc'
Using monoOptions --debugger-agent=transport=dt_socket,embedding=1,server=y,suspend=n,address=127.0.0.1:56704
Begin MonoManager ReloadAssembly
Registering precompiled unity dll's ...
Register platform support module: D:/Unity/__Editors/2020.3.5f1/Editor/Data/PlaybackEngines/WebGLSupport/UnityEditor.WebGL.Extensions.dll
Register platform support module: D:/Unity/__Editors/2020.3.5f1/Editor/Data/PlaybackEngines/WindowsStandaloneSupport/UnityEditor.WindowsStandalone.Extensions.dll
Registered in 0.002946 seconds.
Native extension for WindowsStandalone target not found
Native extension for WebGL target not found
Refreshing native plugins compatible for Editor in 87.61 ms, found 1 plugins.
Preloading 0 native plugins for Editor in 0.00 ms.
Mono: successfully reloaded assembly
- Completed reload, in  4.934 seconds
Platform modules already initialized, skipping
Registering precompiled user dll's ...
Registered in 0.002139 seconds.
Begin MonoManager ReloadAssembly
Native extension for WindowsStandalone target not found
Native extension for WebGL target not found
Refreshing native plugins compatible for Editor in 86.55 ms, found 1 plugins.
Preloading 0 native plugins for Editor in 0.00 ms.
Mono: successfully reloaded assembly
- Completed reload, in  2.037 seconds
Platform modules already initialized, skipping
========================================================================
Worker process is ready to serve import requests
Launched and connected shader compiler UnityShaderCompiler.exe after 0.12 seconds
Refreshing native plugins compatible for Editor in 0.88 ms, found 1 plugins.
Preloading 0 native plugins for Editor in 0.00 ms.
Unloading 2114 Unused Serialized files (Serialized files now loaded: 0)
System memory in use before: 96.1 MB.
System memory in use after: 96.1 MB.

Unloading 25 unused Assets to reduce memory usage. Loaded Objects now: 2560.
Total: 5.620100 ms (FindLiveObjects: 0.564300 ms CreateObjectMapping: 0.155800 ms MarkObjects: 4.704200 ms  DeleteObjects: 0.193300 ms)

========================================================================
Received Import Request.
  path: Assets/Input Actions/PlayerControls.inputactions
  artifactKey: Guid(a8c5a8252434d0f4995ea253c22277db) Importer(815301076,1909f56bfc062723c751e8b465ee728b)
Start importing Assets/Input Actions/PlayerControls.inputactions using Guid(a8c5a8252434d0f4995ea253c22277db) Importer(815301076,1909f56bfc062723c751e8b465ee728b)  -> (artifact id: '536a4f30863f014547d3ed92c9ab5045') in 0.096045 seconds
  Import took 0.103528 seconds .

========================================================================
Received Import Request.
  Time since last request: 21.383863 seconds.
  path: Assets/Scenes/Tutorial1Scene.unity
  artifactKey: Guid(2cda990e2423bbf4892e6590ba056729) Importer(815301076,1909f56bfc062723c751e8b465ee728b)
Start importing Assets/Scenes/Tutorial1Scene.unity using Guid(2cda990e2423bbf4892e6590ba056729) Importer(815301076,1909f56bfc062723c751e8b465ee728b)  -> (artifact id: '949899ca9befe027f15ab30a547efc4d') in 0.023643 seconds
  Import took 0.030705 seconds .

========================================================================
Received Import Request.
  Time since last request: 53.675728 seconds.
  path: Assets/Scenes/Tutorial1Scene.unity
  artifactKey: Guid(2cda990e2423bbf4892e6590ba056729) Importer(815301076,1909f56bfc062723c751e8b465ee728b)
Start importing Assets/Scenes/Tutorial1Scene.unity using Guid(2cda990e2423bbf4892e6590ba056729) Importer(815301076,1909f56bfc062723c751e8b465ee728b)  -> (artifact id: '3fdccfbcd54fcacfc4f38462c508d514') in 0.004558 seconds
  Import took 0.011535 seconds .

========================================================================
Received Import Request.
  Time since last request: 3.739008 seconds.
  path: Assets/Scenes/Tutorial2Scene.unity
  artifactKey: Guid(a18b5add86f228d44b1e0f5cbdbdaf0e) Importer(815301076,1909f56bfc062723c751e8b465ee728b)
Start importing Assets/Scenes/Tutorial2Scene.unity using Guid(a18b5add86f228d44b1e0f5cbdbdaf0e) Importer(815301076,1909f56bfc062723c751e8b465ee728b)  -> (artifact id: 'fb732244b64446b82efd34b33c97a5b4') in 0.014278 seconds
  Import took 0.020857 seconds .

========================================================================
Received Prepare
Registering precompiled user dll's ...
Registered in 0.002005 seconds.
Begin MonoManager ReloadAssembly
Native extension for WindowsStandalone target not found
Native extension for WebGL target not found
Refreshing native plugins compatible for Editor in 0.73 ms, found 1 plugins.
Preloading 0 native plugins for Editor in 0.00 ms.
Mono: successfully reloaded assembly
- Completed reload, in  1.904 seconds
Platform modules already initialized, skipping
Refreshing native plugins compatible for Editor in 1.03 ms, found 1 plugins.
Preloading 0 native plugins for Editor in 0.00 ms.
Unloading 2108 Unused Serialized files (Serialized files now loaded: 0)
System memory in use before: 96.3 MB.
System memory in use after: 96.2 MB.

Unloading 12 unused Assets to reduce memory usage. Loaded Objects now: 2564.
Total: 3.628000 ms (FindLiveObjects: 0.329700 ms CreateObjectMapping: 0.127800 ms MarkObjects: 3.011200 ms  DeleteObjects: 0.157500 ms)

========================================================================
Received Prepare
Registering precompiled user dll's ...
Registered in 0.001934 seconds.
Begin MonoManager ReloadAssembly
Native extension for WindowsStandalone target not found
Native extension for WebGL target not found
Refreshing native plugins compatible for Editor in 0.87 ms, found 1 plugins.
Preloading 0 native plugins for Editor in 0.00 ms.
Mono: successfully reloaded assembly
- Completed reload, in  2.273 seconds
Platform modules already initialized, skipping
Refreshing native plugins compatible for Editor in 0.88 ms, found 1 plugins.
Preloading 0 native plugins for Editor in 0.00 ms.
Unloading 2108 Unused Serialized files (Serialized files now loaded: 0)
System memory in use before: 96.3 MB.
System memory in use after: 96.3 MB.

Unloading 12 unused Assets to reduce memory usage. Loaded Objects now: 2568.
Total: 4.622200 ms (FindLiveObjects: 0.355100 ms CreateObjectMapping: 0.133000 ms MarkObjects: 3.938200 ms  DeleteObjects: 0.193500 ms)

========================================================================
Received Prepare
Registering precompiled user dll's ...
Registered in 0.001847 seconds.
Begin MonoManager ReloadAssembly
Native extension for WindowsStandalone target not found
Native extension for WebGL target not found
Refreshing native plugins compatible for Editor in 0.76 ms, found 1 plugins.
Preloading 0 native plugins for Editor in 0.00 ms.
Mono: successfully reloaded assembly
- Completed reload, in  1.913 seconds
Platform modules already initialized, skipping
Refreshing native plugins compatible for Editor in 0.76 ms, found 1 plugins.
Preloading 0 native plugins for Editor in 0.00 ms.
Unloading 2108 Unused Serialized files (Serialized files now loaded: 0)
System memory in use before: 96.3 MB.
System memory in use after: 96.3 MB.

Unloading 12 unused Assets to reduce memory usage. Loaded Objects now: 2572.
Total: 3.927500 ms (FindLiveObjects: 0.515300 ms CreateObjectMapping: 0.126100 ms MarkObjects: 3.117100 ms  DeleteObjects: 0.166900 ms)

========================================================================
Received Prepare
Registering precompiled user dll's ...
Registered in 0.003675 seconds.
Begin MonoManager ReloadAssembly
Native extension for WindowsStandalone target not found
Native extension for WebGL target not found
Refreshing native plugins compatible for Editor in 0.72 ms, found 1 plugins.
Preloading 0 native plugins for Editor in 0.00 ms.
Mono: successfully reloaded assembly
- Completed reload, in  1.676 seconds
Platform modules already initialized, skipping
Refreshing native plugins compatible for Editor in 0.87 ms, found 1 plugins.
Preloading 0 native plugins for Editor in 0.00 ms.
Unloading 2108 Unused Serialized files (Serialized files now loaded: 0)
System memory in use before: 96.3 MB.
System memory in use after: 96.3 MB.

Unloading 12 unused Assets to reduce memory usage. Loaded Objects now: 2576.
Total: 4.069800 ms (FindLiveObjects: 0.349200 ms CreateObjectMapping: 0.137600 ms MarkObjects: 3.409700 ms  DeleteObjects: 0.171100 ms)

========================================================================
Received Import Request.
  Time since last request: 1196.538747 seconds.
  path: Assets/sprites/LegAttachTutorial.png
  artifactKey: Guid(cbc257d4841b01e41b31ea0fdd9ce0d9) Importer(815301076,1909f56bfc062723c751e8b465ee728b)
Start importing Assets/sprites/LegAttachTutorial.png using Guid(cbc257d4841b01e41b31ea0fdd9ce0d9) Importer(815301076,1909f56bfc062723c751e8b465ee728b)  -> (artifact id: '6f8b5dcc777e2c845c71b479e82549e7') in 0.160578 seconds
  Import took 0.167670 seconds .

========================================================================
Received Import Request.
  Time since last request: 0.008584 seconds.
  path: Assets/sprites/LegAttachTutorial.png
  artifactKey: Guid(cbc257d4841b01e41b31ea0fdd9ce0d9) Importer(815301076,1909f56bfc062723c751e8b465ee728b)
Start importing Assets/sprites/LegAttachTutorial.png using Guid(cbc257d4841b01e41b31ea0fdd9ce0d9) Importer(815301076,1909f56bfc062723c751e8b465ee728b)  -> (artifact id: '6f8b5dcc777e2c845c71b479e82549e7') in 0.021471 seconds
  Import took 0.027423 seconds .

========================================================================
Received Import Request.
  Time since last request: 9.045456 seconds.
  path: Assets/sprites/LegAttachTutorial.png
  artifactKey: Guid(cbc257d4841b01e41b31ea0fdd9ce0d9) Importer(815301076,1909f56bfc062723c751e8b465ee728b)
Start importing Assets/sprites/LegAttachTutorial.png using Guid(cbc257d4841b01e41b31ea0fdd9ce0d9) Importer(815301076,1909f56bfc062723c751e8b465ee728b)  -> (artifact id: '2055a5933c25ba01b3f5ac569dbcd129') in 0.024666 seconds
  Import took 0.031213 seconds .

========================================================================
Received Import Request.
  Time since last request: 0.002892 seconds.
  path: Assets/sprites/LegAttachTutorial.png
  artifactKey: Guid(cbc257d4841b01e41b31ea0fdd9ce0d9) Importer(815301076,1909f56bfc062723c751e8b465ee728b)
Start importing Assets/sprites/LegAttachTutorial.png using Guid(cbc257d4841b01e41b31ea0fdd9ce0d9) Importer(815301076,1909f56bfc062723c751e8b465ee728b)  -> (artifact id: '2055a5933c25ba01b3f5ac569dbcd129') in 0.021726 seconds
  Import took 0.027865 seconds .

========================================================================
Received Prepare
Registering precompiled user dll's ...
Registered in 0.002291 seconds.
Begin MonoManager ReloadAssembly
Native extension for WindowsStandalone target not found
Native extension for WebGL target not found
Refreshing native plugins compatible for Editor in 0.77 ms, found 1 plugins.
Preloading 0 native plugins for Editor in 0.00 ms.
Mono: successfully reloaded assembly
- Completed reload, in  1.775 seconds
Platform modules already initialized, skipping
Refreshing native plugins compatible for Editor in 0.99 ms, found 1 plugins.
Preloading 0 native plugins for Editor in 0.00 ms.
Unloading 2108 Unused Serialized files (Serialized files now loaded: 0)
System memory in use before: 99.3 MB.
System memory in use after: 99.3 MB.

Unloading 12 unused Assets to reduce memory usage. Loaded Objects now: 2586.
Total: 4.138400 ms (FindLiveObjects: 0.456800 ms CreateObjectMapping: 0.129200 ms MarkObjects: 3.383000 ms  DeleteObjects: 0.166600 ms)

========================================================================
Received Prepare
Registering precompiled user dll's ...
Registered in 0.002072 seconds.
Begin MonoManager ReloadAssembly
Native extension for WindowsStandalone target not found
Native extension for WebGL target not found
Refreshing native plugins compatible for Editor in 1.03 ms, found 1 plugins.
Preloading 0 native plugins for Editor in 0.00 ms.
Mono: successfully reloaded assembly
- Completed reload, in  1.753 seconds
Platform modules already initialized, skipping
Refreshing native plugins compatible for Editor in 0.78 ms, found 1 plugins.
Preloading 0 native plugins for Editor in 0.00 ms.
Unloading 2108 Unused Serialized files (Serialized files now loaded: 0)
System memory in use before: 99.3 MB.
System memory in use after: 99.3 MB.

Unloading 12 unused Assets to reduce memory usage. Loaded Objects now: 2590.
Total: 4.082100 ms (FindLiveObjects: 0.376600 ms CreateObjectMapping: 0.129000 ms MarkObjects: 3.402400 ms  DeleteObjects: 0.171700 ms)

========================================================================
Received Prepare
Registering precompiled user dll's ...
Registered in 0.001856 seconds.
Begin MonoManager ReloadAssembly
Native extension for WindowsStandalone target not found
Native extension for WebGL target not found
Refreshing native plugins compatible for Editor in 1.16 ms, found 1 plugins.
Preloading 0 native plugins for Editor in 0.00 ms.
Mono: successfully reloaded assembly
- Completed reload, in  1.818 seconds
Platform modules already initialized, skipping
Refreshing native plugins compatible for Editor in 0.98 ms, found 1 plugins.
Preloading 0 native plugins for Editor in 0.00 ms.
Unloading 2108 Unused Serialized files (Serialized files now loaded: 0)
System memory in use before: 99.3 MB.
System memory in use after: 99.3 MB.

Unloading 12 unused Assets to reduce memory usage. Loaded Objects now: 2594.
Total: 4.021600 ms (FindLiveObjects: 0.344100 ms CreateObjectMapping: 0.127700 ms MarkObjects: 3.374600 ms  DeleteObjects: 0.173100 ms)

========================================================================
Received Import Request.
  Time since last request: 473.747233 seconds.
  path: Assets/Animations/Leg.controller
  artifactKey: Guid(18d2034bf343c9f49811fb1b2b8d18ad) Importer(815301076,1909f56bfc062723c751e8b465ee728b)
Start importing Assets/Animations/Leg.controller using Guid(18d2034bf343c9f49811fb1b2b8d18ad) Importer(815301076,1909f56bfc062723c751e8b465ee728b)  -> (artifact id: '73c23e8f20eac74b2e5b2321a8cd1652') in 0.035412 seconds
  Import took 0.041669 seconds .

========================================================================
Received Import Request.
  Time since last request: 0.968372 seconds.
  path: Assets/Animations/Player.controller
  artifactKey: Guid(3b9d3f1a1389a1446903b8e364e28ad2) Importer(815301076,1909f56bfc062723c751e8b465ee728b)
Start importing Assets/Animations/Player.controller using Guid(3b9d3f1a1389a1446903b8e364e28ad2) Importer(815301076,1909f56bfc062723c751e8b465ee728b)  -> (artifact id: '31fc4e2515bf86c86f17379f8c799215') in 0.042380 seconds
  Import took 0.048383 seconds .

========================================================================
Received Import Request.
  Time since last request: 242.898467 seconds.
  path: Assets/sprites/Players/JimmyLegs.png
  artifactKey: Guid(244162757bd968240b6fb2b7fc544e19) Importer(815301076,1909f56bfc062723c751e8b465ee728b)
Start importing Assets/sprites/Players/JimmyLegs.png using Guid(244162757bd968240b6fb2b7fc544e19) Importer(815301076,1909f56bfc062723c751e8b465ee728b)  -> (artifact id: 'a4cb6529f00a68d846e5eaa1e7d038da') in 0.159226 seconds
  Import took 0.166219 seconds .

========================================================================
Received Import Request.
  Time since last request: 2.578411 seconds.
  path: Assets/sprites/Players/JimmyLegs.png
  artifactKey: Guid(244162757bd968240b6fb2b7fc544e19) Importer(815301076,1909f56bfc062723c751e8b465ee728b)
Start importing Assets/sprites/Players/JimmyLegs.png using Guid(244162757bd968240b6fb2b7fc544e19) Importer(815301076,1909f56bfc062723c751e8b465ee728b)  -> (artifact id: '98fcf6572ba0404271ce2c551b56e0db') in 0.085278 seconds
  Import took 0.092970 seconds .

========================================================================
Received Prepare
Registering precompiled user dll's ...
Registered in 0.002085 seconds.
Begin MonoManager ReloadAssembly
Native extension for WindowsStandalone target not found
Native extension for WebGL target not found
Refreshing native plugins compatible for Editor in 0.79 ms, found 1 plugins.
Preloading 0 native plugins for Editor in 0.00 ms.
Mono: successfully reloaded assembly
- Completed reload, in  1.861 seconds
Platform modules already initialized, skipping
Refreshing native plugins compatible for Editor in 0.73 ms, found 1 plugins.
Preloading 0 native plugins for Editor in 0.00 ms.
Unloading 2108 Unused Serialized files (Serialized files now loaded: 0)
System memory in use before: 99.3 MB.
System memory in use after: 99.3 MB.

Unloading 12 unused Assets to reduce memory usage. Loaded Objects now: 2604.
Total: 4.205600 ms (FindLiveObjects: 0.595900 ms CreateObjectMapping: 0.151800 ms MarkObjects: 3.282700 ms  DeleteObjects: 0.172700 ms)

========================================================================
Received Prepare
Registering precompiled user dll's ...
Registered in 0.002358 seconds.
Begin MonoManager ReloadAssembly
Native extension for WindowsStandalone target not found
Native extension for WebGL target not found
Refreshing native plugins compatible for Editor in 0.75 ms, found 1 plugins.
Preloading 0 native plugins for Editor in 0.00 ms.
Mono: successfully reloaded assembly
- Completed reload, in  1.751 seconds
Platform modules already initialized, skipping
Refreshing native plugins compatible for Editor in 0.93 ms, found 1 plugins.
Preloading 0 native plugins for Editor in 0.00 ms.
Unloading 2108 Unused Serialized files (Serialized files now loaded: 0)
System memory in use before: 99.4 MB.
System memory in use after: 99.3 MB.

Unloading 12 unused Assets to reduce memory usage. Loaded Objects now: 2608.
Total: 4.286400 ms (FindLiveObjects: 0.336500 ms CreateObjectMapping: 0.127500 ms MarkObjects: 3.640700 ms  DeleteObjects: 0.179500 ms)

========================================================================
Received Prepare
Registering precompiled user dll's ...
Registered in 0.002001 seconds.
Begin MonoManager ReloadAssembly
Native extension for WindowsStandalone target not found
Native extension for WebGL target not found
Refreshing native plugins compatible for Editor in 0.72 ms, found 1 plugins.
Preloading 0 native plugins for Editor in 0.00 ms.
Mono: successfully reloaded assembly
- Completed reload, in  1.851 seconds
Platform modules already initialized, skipping
Refreshing native plugins compatible for Editor in 1.03 ms, found 1 plugins.
Preloading 0 native plugins for Editor in 0.00 ms.
Unloading 2108 Unused Serialized files (Serialized files now loaded: 0)
System memory in use before: 99.4 MB.
System memory in use after: 99.4 MB.

Unloading 12 unused Assets to reduce memory usage. Loaded Objects now: 2612.
Total: 3.801200 ms (FindLiveObjects: 0.340700 ms CreateObjectMapping: 0.129700 ms MarkObjects: 3.157300 ms  DeleteObjects: 0.171700 ms)

========================================================================
Received Prepare
Registering precompiled user dll's ...
Registered in 0.001916 seconds.
Begin MonoManager ReloadAssembly
Native extension for WindowsStandalone target not found
Native extension for WebGL target not found
Refreshing native plugins compatible for Editor in 0.88 ms, found 1 plugins.
Preloading 0 native plugins for Editor in 0.00 ms.
Mono: successfully reloaded assembly
- Completed reload, in  1.866 seconds
Platform modules already initialized, skipping
Refreshing native plugins compatible for Editor in 1.03 ms, found 1 plugins.
Preloading 0 native plugins for Editor in 0.00 ms.
Unloading 2108 Unused Serialized files (Serialized files now loaded: 0)
System memory in use before: 99.4 MB.
System memory in use after: 99.4 MB.

Unloading 12 unused Assets to reduce memory usage. Loaded Objects now: 2616.
Total: 5.931900 ms (FindLiveObjects: 0.635900 ms CreateObjectMapping: 0.172500 ms MarkObjects: 4.923200 ms  DeleteObjects: 0.197400 ms)

========================================================================
Received Prepare
Registering precompiled user dll's ...
Registered in 0.002352 seconds.
Begin MonoManager ReloadAssembly
Native extension for WindowsStandalone target not found
Native extension for WebGL target not found
Refreshing native plugins compatible for Editor in 0.74 ms, found 1 plugins.
Preloading 0 native plugins for Editor in 0.00 ms.
Mono: successfully reloaded assembly
- Completed reload, in  1.747 seconds
Platform modules already initialized, skipping
Refreshing native plugins compatible for Editor in 0.80 ms, found 1 plugins.
Preloading 0 native plugins for Editor in 0.00 ms.
Unloading 2108 Unused Serialized files (Serialized files now loaded: 0)
System memory in use before: 99.4 MB.
System memory in use after: 99.4 MB.

Unloading 12 unused Assets to reduce memory usage. Loaded Objects now: 2620.
Total: 3.878500 ms (FindLiveObjects: 0.337100 ms CreateObjectMapping: 0.125000 ms MarkObjects: 3.234900 ms  DeleteObjects: 0.179100 ms)

========================================================================
Received Prepare
Registering precompiled user dll's ...
Registered in 0.002025 seconds.
Begin MonoManager ReloadAssembly
Native extension for WindowsStandalone target not found
Native extension for WebGL target not found
Refreshing native plugins compatible for Editor in 0.89 ms, found 1 plugins.
Preloading 0 native plugins for Editor in 0.00 ms.
Mono: successfully reloaded assembly
- Completed reload, in  2.267 seconds
Platform modules already initialized, skipping
Refreshing native plugins compatible for Editor in 0.78 ms, found 1 plugins.
Preloading 0 native plugins for Editor in 0.00 ms.
Unloading 2108 Unused Serialized files (Serialized files now loaded: 0)
System memory in use before: 99.4 MB.
System memory in use after: 99.4 MB.

Unloading 12 unused Assets to reduce memory usage. Loaded Objects now: 2624.
Total: 4.984600 ms (FindLiveObjects: 0.606100 ms CreateObjectMapping: 0.155200 ms MarkObjects: 3.961800 ms  DeleteObjects: 0.258900 ms)

========================================================================
Received Prepare
Registering precompiled user dll's ...
Registered in 0.001836 seconds.
Begin MonoManager ReloadAssembly
Native extension for WindowsStandalone target not found
Native extension for WebGL target not found
Refreshing native plugins compatible for Editor in 1.04 ms, found 1 plugins.
Preloading 0 native plugins for Editor in 0.00 ms.
Mono: successfully reloaded assembly
- Completed reload, in  2.034 seconds
Platform modules already initialized, skipping
Refreshing native plugins compatible for Editor in 0.77 ms, found 1 plugins.
Preloading 0 native plugins for Editor in 0.00 ms.
Unloading 2108 Unused Serialized files (Serialized files now loaded: 0)
System memory in use before: 99.4 MB.
System memory in use after: 99.4 MB.

Unloading 12 unused Assets to reduce memory usage. Loaded Objects now: 2628.
Total: 5.019600 ms (FindLiveObjects: 0.370400 ms CreateObjectMapping: 0.127200 ms MarkObjects: 4.253700 ms  DeleteObjects: 0.265700 ms)

========================================================================
Received Prepare
Registering precompiled user dll's ...
Registered in 0.001920 seconds.
Begin MonoManager ReloadAssembly
Native extension for WindowsStandalone target not found
Native extension for WebGL target not found
Refreshing native plugins compatible for Editor in 1.08 ms, found 1 plugins.
Preloading 0 native plugins for Editor in 0.00 ms.
Mono: successfully reloaded assembly
- Completed reload, in  2.032 seconds
Platform modules already initialized, skipping
Refreshing native plugins compatible for Editor in 1.06 ms, found 1 plugins.
Preloading 0 native plugins for Editor in 0.00 ms.
Unloading 2108 Unused Serialized files (Serialized files now loaded: 0)
System memory in use before: 99.4 MB.
System memory in use after: 99.4 MB.

Unloading 12 unused Assets to reduce memory usage. Loaded Objects now: 2632.
Total: 3.943100 ms (FindLiveObjects: 0.547100 ms CreateObjectMapping: 0.126000 ms MarkObjects: 3.092200 ms  DeleteObjects: 0.175400 ms)

========================================================================
Received Prepare
Registering precompiled user dll's ...
Registered in 0.010369 seconds.
Begin MonoManager ReloadAssembly
Native extension for WindowsStandalone target not found
Native extension for WebGL target not found
Refreshing native plugins compatible for Editor in 0.74 ms, found 1 plugins.
Preloading 0 native plugins for Editor in 0.00 ms.
Mono: successfully reloaded assembly
- Completed reload, in  2.075 seconds
Platform modules already initialized, skipping
Refreshing native plugins compatible for Editor in 0.97 ms, found 1 plugins.
Preloading 0 native plugins for Editor in 0.00 ms.
Unloading 2108 Unused Serialized files (Serialized files now loaded: 0)
System memory in use before: 99.4 MB.
System memory in use after: 99.4 MB.

Unloading 12 unused Assets to reduce memory usage. Loaded Objects now: 2636.
Total: 5.400400 ms (FindLiveObjects: 0.598600 ms CreateObjectMapping: 0.154400 ms MarkObjects: 4.387100 ms  DeleteObjects: 0.257600 ms)

